<?xml version="1.0" encoding="UTF-8"?>
<coverage generated="1738410070753" clover="3.2.0">
  <project timestamp="1738410070753" name="All files">
    <metrics statements="77" coveredstatements="77" conditionals="84" coveredconditionals="84" methods="21" coveredmethods="21" elements="182" coveredelements="182" complexity="0" loc="77" ncloc="77" packages="2" files="10" classes="10"/>
    <package name="errors">
      <metrics statements="55" coveredstatements="55" conditionals="64" coveredconditionals="64" methods="12" coveredmethods="12"/>
      <file name="Error.js" path="/home/user/Documents/dev/current/tsmis_v8/src/core/errors/Error.js">
        <metrics statements="50" coveredstatements="50" conditionals="53" coveredconditionals="53" methods="11" coveredmethods="11"/>
        <line num="14" count="131" type="stmt"/>
        <line num="17" count="131" type="stmt"/>
        <line num="18" count="131" type="stmt"/>
        <line num="19" count="131" type="stmt"/>
        <line num="20" count="131" type="stmt"/>
        <line num="30" count="131" type="stmt"/>
        <line num="33" count="131" type="stmt"/>
        <line num="36" count="131" type="cond" truecount="2" falsecount="0"/>
        <line num="37" count="130" type="stmt"/>
        <line num="41" count="131" type="cond" truecount="2" falsecount="0"/>
        <line num="42" count="3" type="stmt"/>
        <line num="51" count="131" type="stmt"/>
        <line num="53" count="27" type="cond" truecount="4" falsecount="0"/>
        <line num="54" count="4" type="stmt"/>
        <line num="56" count="27" type="stmt"/>
        <line num="59" count="131" type="cond" truecount="2" falsecount="0"/>
        <line num="60" count="27" type="stmt"/>
        <line num="61" count="104" type="cond" truecount="4" falsecount="0"/>
        <line num="62" count="18" type="cond" truecount="2" falsecount="0"/>
        <line num="63" count="18" type="cond" truecount="5" falsecount="0"/>
        <line num="64" count="3" type="stmt"/>
        <line num="66" count="18" type="stmt"/>
        <line num="67" count="86" type="cond" truecount="2" falsecount="0"/>
        <line num="68" count="2" type="stmt"/>
        <line num="77" count="131" type="stmt"/>
        <line num="79" count="131" type="stmt"/>
        <line num="80" count="129" type="stmt"/>
        <line num="83" count="2" type="stmt"/>
        <line num="95" count="4" type="cond" truecount="2" falsecount="0"/>
        <line num="97" count="3" type="stmt"/>
        <line num="99" count="49" type="stmt"/>
        <line num="100" count="49" type="stmt"/>
        <line num="109" count="133" type="stmt"/>
        <line num="117" count="78" type="cond" truecount="4" falsecount="0"/>
        <line num="118" count="77" type="cond" truecount="2" falsecount="0"/>
        <line num="120" count="1" type="cond" truecount="2" falsecount="0"/>
        <line num="127" count="40" type="stmt"/>
        <line num="136" count="40" type="cond" truecount="4" falsecount="0"/>
        <line num="137" count="38" type="stmt"/>
        <line num="141" count="40" type="cond" truecount="2" falsecount="0"/>
        <line num="142" count="33" type="stmt"/>
        <line num="148" count="33" type="cond" truecount="4" falsecount="0"/>
        <line num="149" count="29" type="stmt"/>
        <line num="153" count="40" type="stmt"/>
        <line num="161" count="6" type="stmt"/>
        <line num="163" count="6" type="cond" truecount="2" falsecount="0"/>
        <line num="164" count="2" type="cond" truecount="2" falsecount="0"/>
        <line num="165" count="1" type="stmt"/>
        <line num="167" count="1" type="stmt"/>
        <line num="174" count="6" type="stmt"/>
      </file>
      <file name="index.js" path="/home/user/Documents/dev/current/tsmis_v8/src/core/errors/index.js">
        <metrics statements="5" coveredstatements="5" conditionals="11" coveredconditionals="11" methods="1" coveredmethods="1"/>
        <line num="13" count="2" type="stmt"/>
        <line num="34" count="2" type="stmt"/>
        <line num="126" count="6" type="cond" truecount="2" falsecount="0"/>
        <line num="129" count="6" type="cond" truecount="2" falsecount="0"/>
        <line num="131" count="6" type="stmt"/>
      </file>
    </package>
    <package name="errors.types">
      <metrics statements="22" coveredstatements="22" conditionals="20" coveredconditionals="20" methods="9" coveredmethods="9"/>
      <file name="AccessError.js" path="/home/user/Documents/dev/current/tsmis_v8/src/core/errors/types/AccessError.js">
        <metrics statements="2" coveredstatements="2" conditionals="2" coveredconditionals="2" methods="1" coveredmethods="1"/>
        <line num="16" count="7" type="stmt"/>
        <line num="17" count="7" type="stmt"/>
      </file>
      <file name="AuthError.js" path="/home/user/Documents/dev/current/tsmis_v8/src/core/errors/types/AuthError.js">
        <metrics statements="2" coveredstatements="2" conditionals="2" coveredconditionals="2" methods="1" coveredmethods="1"/>
        <line num="16" count="7" type="stmt"/>
        <line num="17" count="7" type="stmt"/>
      </file>
      <file name="ConfigError.js" path="/home/user/Documents/dev/current/tsmis_v8/src/core/errors/types/ConfigError.js">
        <metrics statements="2" coveredstatements="2" conditionals="2" coveredconditionals="2" methods="1" coveredmethods="1"/>
        <line num="16" count="7" type="stmt"/>
        <line num="17" count="7" type="stmt"/>
      </file>
      <file name="ModuleError.js" path="/home/user/Documents/dev/current/tsmis_v8/src/core/errors/types/ModuleError.js">
        <metrics statements="2" coveredstatements="2" conditionals="2" coveredconditionals="2" methods="1" coveredmethods="1"/>
        <line num="16" count="7" type="stmt"/>
        <line num="17" count="7" type="stmt"/>
      </file>
      <file name="NetworkError.js" path="/home/user/Documents/dev/current/tsmis_v8/src/core/errors/types/NetworkError.js">
        <metrics statements="2" coveredstatements="2" conditionals="4" coveredconditionals="4" methods="1" coveredmethods="1"/>
        <line num="16" count="9" type="stmt"/>
        <line num="18" count="9" type="cond" truecount="2" falsecount="0"/>
      </file>
      <file name="ServiceError.js" path="/home/user/Documents/dev/current/tsmis_v8/src/core/errors/types/ServiceError.js">
        <metrics statements="2" coveredstatements="2" conditionals="2" coveredconditionals="2" methods="1" coveredmethods="1"/>
        <line num="16" count="9" type="stmt"/>
        <line num="17" count="9" type="stmt"/>
      </file>
      <file name="ValidationError.js" path="/home/user/Documents/dev/current/tsmis_v8/src/core/errors/types/ValidationError.js">
        <metrics statements="9" coveredstatements="9" conditionals="6" coveredconditionals="6" methods="3" coveredmethods="3"/>
        <line num="16" count="34" type="stmt"/>
        <line num="17" count="34" type="stmt"/>
        <line num="18" count="34" type="cond" truecount="2" falsecount="0"/>
        <line num="25" count="4" type="stmt"/>
        <line num="26" count="4" type="stmt"/>
        <line num="27" count="4" type="stmt"/>
        <line num="35" count="3" type="stmt"/>
        <line num="36" count="3" type="cond" truecount="2" falsecount="0"/>
        <line num="37" count="3" type="stmt"/>
      </file>
      <file name="index.js" path="/home/user/Documents/dev/current/tsmis_v8/src/core/errors/types/index.js">
        <metrics statements="1" coveredstatements="1" conditionals="0" coveredconditionals="0" methods="0" coveredmethods="0"/>
        <line num="23" count="4" type="stmt"/>
      </file>
    </package>
  </project>
</coverage>
