{"/home/user/Documents/dev/current/tsmis_v8/src/core/errors/Error.js": {"path":"/home/user/Documents/dev/current/tsmis_v8/src/core/errors/Error.js","statementMap":{"0":{"start":{"line":14,"column":4},"end":{"line":14,"column":19}},"1":{"start":{"line":17,"column":4},"end":{"line":17,"column":38}},"2":{"start":{"line":18,"column":4},"end":{"line":18,"column":21}},"3":{"start":{"line":19,"column":4},"end":{"line":19,"column":49}},"4":{"start":{"line":20,"column":4},"end":{"line":20,"column":46}},"5":{"start":{"line":30,"column":4},"end":{"line":30,"column":35}},"6":{"start":{"line":33,"column":4},"end":{"line":33,"column":54}},"7":{"start":{"line":36,"column":4},"end":{"line":38,"column":5}},"8":{"start":{"line":37,"column":6},"end":{"line":37,"column":54}},"9":{"start":{"line":41,"column":4},"end":{"line":43,"column":5}},"10":{"start":{"line":42,"column":6},"end":{"line":42,"column":53}},"11":{"start":{"line":51,"column":28},"end":{"line":57,"column":5}},"12":{"start":{"line":53,"column":6},"end":{"line":55,"column":7}},"13":{"start":{"line":54,"column":8},"end":{"line":54,"column":29}},"14":{"start":{"line":56,"column":6},"end":{"line":56,"column":19}},"15":{"start":{"line":59,"column":4},"end":{"line":69,"column":5}},"16":{"start":{"line":60,"column":6},"end":{"line":60,"column":42}},"17":{"start":{"line":61,"column":11},"end":{"line":69,"column":5}},"18":{"start":{"line":62,"column":20},"end":{"line":62,"column":69}},"19":{"start":{"line":63,"column":6},"end":{"line":65,"column":7}},"20":{"start":{"line":64,"column":8},"end":{"line":64,"column":32}},"21":{"start":{"line":66,"column":6},"end":{"line":66,"column":25}},"22":{"start":{"line":67,"column":11},"end":{"line":69,"column":5}},"23":{"start":{"line":68,"column":6},"end":{"line":68,"column":36}},"24":{"start":{"line":77,"column":4},"end":{"line":87,"column":5}},"25":{"start":{"line":79,"column":6},"end":{"line":79,"column":30}},"26":{"start":{"line":80,"column":6},"end":{"line":80,"column":21}},"27":{"start":{"line":83,"column":6},"end":{"line":86,"column":8}},"28":{"start":{"line":95,"column":4},"end":{"line":95,"column":29}},"29":{"start":{"line":95,"column":16},"end":{"line":95,"column":29}},"30":{"start":{"line":97,"column":4},"end":{"line":101,"column":18}},"31":{"start":{"line":99,"column":22},"end":{"line":99,"column":33}},"32":{"start":{"line":100,"column":19},"end":{"line":100,"column":47}},"33":{"start":{"line":109,"column":4},"end":{"line":109,"column":41}},"34":{"start":{"line":117,"column":4},"end":{"line":119,"column":5}},"35":{"start":{"line":118,"column":6},"end":{"line":118,"column":87}},"36":{"start":{"line":120,"column":4},"end":{"line":120,"column":70}},"37":{"start":{"line":127,"column":17},"end":{"line":133,"column":5}},"38":{"start":{"line":136,"column":4},"end":{"line":138,"column":5}},"39":{"start":{"line":137,"column":6},"end":{"line":137,"column":30}},"40":{"start":{"line":141,"column":4},"end":{"line":151,"column":5}},"41":{"start":{"line":142,"column":6},"end":{"line":145,"column":8}},"42":{"start":{"line":148,"column":6},"end":{"line":150,"column":7}},"43":{"start":{"line":149,"column":8},"end":{"line":149,"column":44}},"44":{"start":{"line":153,"column":4},"end":{"line":153,"column":16}},"45":{"start":{"line":161,"column":20},"end":{"line":161,"column":22}},"46":{"start":{"line":163,"column":4},"end":{"line":172,"column":5}},"47":{"start":{"line":164,"column":6},"end":{"line":171,"column":7}},"48":{"start":{"line":165,"column":8},"end":{"line":165,"column":35}},"49":{"start":{"line":167,"column":8},"end":{"line":170,"column":10}},"50":{"start":{"line":174,"column":4},"end":{"line":179,"column":6}}},"fnMap":{"0":{"name":"(anonymous_0)","decl":{"start":{"line":13,"column":2},"end":{"line":13,"column":3}},"loc":{"start":{"line":13,"column":57},"end":{"line":44,"column":3}},"line":13},"1":{"name":"(anonymous_1)","decl":{"start":{"line":50,"column":2},"end":{"line":50,"column":3}},"loc":{"start":{"line":50,"column":19},"end":{"line":70,"column":3}},"line":50},"2":{"name":"(anonymous_2)","decl":{"start":{"line":51,"column":28},"end":{"line":51,"column":29}},"loc":{"start":{"line":51,"column":39},"end":{"line":57,"column":5}},"line":51},"3":{"name":"(anonymous_3)","decl":{"start":{"line":76,"column":2},"end":{"line":76,"column":3}},"loc":{"start":{"line":76,"column":27},"end":{"line":88,"column":3}},"line":76},"4":{"name":"(anonymous_4)","decl":{"start":{"line":94,"column":2},"end":{"line":94,"column":3}},"loc":{"start":{"line":94,"column":26},"end":{"line":102,"column":3}},"line":94},"5":{"name":"(anonymous_5)","decl":{"start":{"line":99,"column":14},"end":{"line":99,"column":15}},"loc":{"start":{"line":99,"column":22},"end":{"line":99,"column":33}},"line":99},"6":{"name":"(anonymous_6)","decl":{"start":{"line":100,"column":11},"end":{"line":100,"column":12}},"loc":{"start":{"line":100,"column":19},"end":{"line":100,"column":47}},"line":100},"7":{"name":"(anonymous_7)","decl":{"start":{"line":108,"column":2},"end":{"line":108,"column":3}},"loc":{"start":{"line":108,"column":24},"end":{"line":110,"column":3}},"line":108},"8":{"name":"(anonymous_8)","decl":{"start":{"line":116,"column":2},"end":{"line":116,"column":3}},"loc":{"start":{"line":116,"column":21},"end":{"line":121,"column":3}},"line":116},"9":{"name":"(anonymous_9)","decl":{"start":{"line":126,"column":2},"end":{"line":126,"column":3}},"loc":{"start":{"line":126,"column":11},"end":{"line":154,"column":3}},"line":126},"10":{"name":"(anonymous_10)","decl":{"start":{"line":160,"column":2},"end":{"line":160,"column":3}},"loc":{"start":{"line":160,"column":24},"end":{"line":180,"column":3}},"line":160}},"branchMap":{"0":{"loc":{"start":{"line":13,"column":29},"end":{"line":13,"column":41}},"type":"default-arg","locations":[{"start":{"line":13,"column":39},"end":{"line":13,"column":41}}],"line":13},"1":{"loc":{"start":{"line":13,"column":43},"end":{"line":13,"column":55}},"type":"default-arg","locations":[{"start":{"line":13,"column":53},"end":{"line":13,"column":55}}],"line":13},"2":{"loc":{"start":{"line":36,"column":4},"end":{"line":38,"column":5}},"type":"if","locations":[{"start":{"line":36,"column":4},"end":{"line":38,"column":5}},{"start":{},"end":{}}],"line":36},"3":{"loc":{"start":{"line":41,"column":4},"end":{"line":43,"column":5}},"type":"if","locations":[{"start":{"line":41,"column":4},"end":{"line":43,"column":5}},{"start":{},"end":{}}],"line":41},"4":{"loc":{"start":{"line":53,"column":6},"end":{"line":55,"column":7}},"type":"if","locations":[{"start":{"line":53,"column":6},"end":{"line":55,"column":7}},{"start":{},"end":{}}],"line":53},"5":{"loc":{"start":{"line":53,"column":10},"end":{"line":53,"column":43}},"type":"binary-expr","locations":[{"start":{"line":53,"column":10},"end":{"line":53,"column":21}},{"start":{"line":53,"column":25},"end":{"line":53,"column":43}}],"line":53},"6":{"loc":{"start":{"line":59,"column":4},"end":{"line":69,"column":5}},"type":"if","locations":[{"start":{"line":59,"column":4},"end":{"line":69,"column":5}},{"start":{"line":61,"column":11},"end":{"line":69,"column":5}}],"line":59},"7":{"loc":{"start":{"line":61,"column":11},"end":{"line":69,"column":5}},"type":"if","locations":[{"start":{"line":61,"column":11},"end":{"line":69,"column":5}},{"start":{"line":67,"column":11},"end":{"line":69,"column":5}}],"line":61},"8":{"loc":{"start":{"line":61,"column":15},"end":{"line":61,"column":49}},"type":"binary-expr","locations":[{"start":{"line":61,"column":15},"end":{"line":61,"column":20}},{"start":{"line":61,"column":24},"end":{"line":61,"column":49}}],"line":61},"9":{"loc":{"start":{"line":62,"column":30},"end":{"line":62,"column":68}},"type":"binary-expr","locations":[{"start":{"line":62,"column":30},"end":{"line":62,"column":43}},{"start":{"line":62,"column":47},"end":{"line":62,"column":68}}],"line":62},"10":{"loc":{"start":{"line":63,"column":6},"end":{"line":65,"column":7}},"type":"if","locations":[{"start":{"line":63,"column":6},"end":{"line":65,"column":7}},{"start":{},"end":{}}],"line":63},"11":{"loc":{"start":{"line":63,"column":10},"end":{"line":63,"column":75}},"type":"binary-expr","locations":[{"start":{"line":63,"column":10},"end":{"line":63,"column":20}},{"start":{"line":63,"column":24},"end":{"line":63,"column":54}},{"start":{"line":63,"column":58},"end":{"line":63,"column":75}}],"line":63},"12":{"loc":{"start":{"line":67,"column":11},"end":{"line":69,"column":5}},"type":"if","locations":[{"start":{"line":67,"column":11},"end":{"line":69,"column":5}},{"start":{},"end":{}}],"line":67},"13":{"loc":{"start":{"line":95,"column":4},"end":{"line":95,"column":29}},"type":"if","locations":[{"start":{"line":95,"column":4},"end":{"line":95,"column":29}},{"start":{},"end":{}}],"line":95},"14":{"loc":{"start":{"line":117,"column":4},"end":{"line":119,"column":5}},"type":"if","locations":[{"start":{"line":117,"column":4},"end":{"line":119,"column":5}},{"start":{},"end":{}}],"line":117},"15":{"loc":{"start":{"line":117,"column":8},"end":{"line":117,"column":53}},"type":"binary-expr","locations":[{"start":{"line":117,"column":8},"end":{"line":117,"column":38}},{"start":{"line":117,"column":42},"end":{"line":117,"column":53}}],"line":117},"16":{"loc":{"start":{"line":118,"column":13},"end":{"line":118,"column":86}},"type":"binary-expr","locations":[{"start":{"line":118,"column":13},"end":{"line":118,"column":51}},{"start":{"line":118,"column":55},"end":{"line":118,"column":86}}],"line":118},"17":{"loc":{"start":{"line":120,"column":11},"end":{"line":120,"column":69}},"type":"binary-expr","locations":[{"start":{"line":120,"column":11},"end":{"line":120,"column":37}},{"start":{"line":120,"column":41},"end":{"line":120,"column":69}}],"line":120},"18":{"loc":{"start":{"line":136,"column":4},"end":{"line":138,"column":5}},"type":"if","locations":[{"start":{"line":136,"column":4},"end":{"line":138,"column":5}},{"start":{},"end":{}}],"line":136},"19":{"loc":{"start":{"line":136,"column":8},"end":{"line":136,"column":45}},"type":"binary-expr","locations":[{"start":{"line":136,"column":8},"end":{"line":136,"column":31}},{"start":{"line":136,"column":35},"end":{"line":136,"column":45}}],"line":136},"20":{"loc":{"start":{"line":141,"column":4},"end":{"line":151,"column":5}},"type":"if","locations":[{"start":{"line":141,"column":4},"end":{"line":151,"column":5}},{"start":{},"end":{}}],"line":141},"21":{"loc":{"start":{"line":144,"column":14},"end":{"line":144,"column":40}},"type":"binary-expr","locations":[{"start":{"line":144,"column":14},"end":{"line":144,"column":29}},{"start":{"line":144,"column":33},"end":{"line":144,"column":40}}],"line":144},"22":{"loc":{"start":{"line":148,"column":6},"end":{"line":150,"column":7}},"type":"if","locations":[{"start":{"line":148,"column":6},"end":{"line":150,"column":7}},{"start":{},"end":{}}],"line":148},"23":{"loc":{"start":{"line":148,"column":10},"end":{"line":148,"column":53}},"type":"binary-expr","locations":[{"start":{"line":148,"column":10},"end":{"line":148,"column":33}},{"start":{"line":148,"column":37},"end":{"line":148,"column":53}}],"line":148},"24":{"loc":{"start":{"line":163,"column":4},"end":{"line":172,"column":5}},"type":"if","locations":[{"start":{"line":163,"column":4},"end":{"line":172,"column":5}},{"start":{},"end":{}}],"line":163},"25":{"loc":{"start":{"line":164,"column":6},"end":{"line":171,"column":7}},"type":"if","locations":[{"start":{"line":164,"column":6},"end":{"line":171,"column":7}},{"start":{"line":166,"column":13},"end":{"line":171,"column":7}}],"line":164},"26":{"loc":{"start":{"line":177,"column":6},"end":{"line":177,"column":24}},"type":"binary-expr","locations":[{"start":{"line":177,"column":6},"end":{"line":177,"column":18}},{"start":{"line":177,"column":22},"end":{"line":177,"column":24}}],"line":177}},"s":{"0":131,"1":131,"2":131,"3":131,"4":131,"5":131,"6":131,"7":131,"8":130,"9":131,"10":3,"11":131,"12":27,"13":4,"14":27,"15":131,"16":27,"17":104,"18":18,"19":18,"20":3,"21":18,"22":86,"23":2,"24":131,"25":131,"26":129,"27":2,"28":4,"29":1,"30":3,"31":49,"32":49,"33":133,"34":78,"35":77,"36":1,"37":40,"38":40,"39":38,"40":40,"41":33,"42":33,"43":29,"44":40,"45":6,"46":6,"47":2,"48":1,"49":1,"50":6},"f":{"0":131,"1":131,"2":27,"3":131,"4":4,"5":49,"6":49,"7":133,"8":78,"9":40,"10":6},"b":{"0":[16],"1":[19],"2":[130,1],"3":[3,128],"4":[4,23],"5":[27,24],"6":[27,104],"7":[18,86],"8":[104,20],"9":[18,6],"10":[3,15],"11":[18,4,4],"12":[2,84],"13":[1,3],"14":[77,1],"15":[78,77],"16":[77,72],"17":[1,1],"18":[38,2],"19":[40,39],"20":[33,7],"21":[33,2],"22":[29,4],"23":[33,33],"24":[2,4],"25":[1,1],"26":[6,3]},"inputSourceMap":null,"_coverageSchema":"1a1c01bbd47fc00a2c39e90264f33305004495a9","hash":"558b01e13f106a693c61a8adbfe19d682476cf1f"}
,"/home/user/Documents/dev/current/tsmis_v8/src/core/errors/index.js": {"path":"/home/user/Documents/dev/current/tsmis_v8/src/core/errors/index.js","statementMap":{"0":{"start":{"line":13,"column":26},"end":{"line":16,"column":1}},"1":{"start":{"line":34,"column":26},"end":{"line":92,"column":1}},"2":{"start":{"line":126,"column":20},"end":{"line":126,"column":45}},"3":{"start":{"line":129,"column":27},"end":{"line":129,"column":66}},"4":{"start":{"line":131,"column":2},"end":{"line":136,"column":4}}},"fnMap":{"0":{"name":"createErrorFromResponse","decl":{"start":{"line":125,"column":16},"end":{"line":125,"column":39}},"loc":{"start":{"line":125,"column":93},"end":{"line":137,"column":1}},"line":125}},"branchMap":{"0":{"loc":{"start":{"line":125,"column":50},"end":{"line":125,"column":91}},"type":"default-arg","locations":[{"start":{"line":125,"column":67},"end":{"line":125,"column":91}}],"line":125},"1":{"loc":{"start":{"line":126,"column":20},"end":{"line":126,"column":45}},"type":"binary-expr","locations":[{"start":{"line":126,"column":20},"end":{"line":126,"column":33}},{"start":{"line":126,"column":37},"end":{"line":126,"column":45}}],"line":126},"2":{"loc":{"start":{"line":129,"column":27},"end":{"line":129,"column":66}},"type":"binary-expr","locations":[{"start":{"line":129,"column":27},"end":{"line":129,"column":53}},{"start":{"line":129,"column":57},"end":{"line":129,"column":66}}],"line":129},"3":{"loc":{"start":{"line":132,"column":6},"end":{"line":132,"column":47}},"type":"binary-expr","locations":[{"start":{"line":132,"column":6},"end":{"line":132,"column":20}},{"start":{"line":132,"column":24},"end":{"line":132,"column":47}}],"line":132},"4":{"loc":{"start":{"line":133,"column":6},"end":{"line":133,"column":41}},"type":"binary-expr","locations":[{"start":{"line":133,"column":6},"end":{"line":133,"column":23}},{"start":{"line":133,"column":27},"end":{"line":133,"column":41}}],"line":133},"5":{"loc":{"start":{"line":134,"column":6},"end":{"line":134,"column":29}},"type":"binary-expr","locations":[{"start":{"line":134,"column":6},"end":{"line":134,"column":23}},{"start":{"line":134,"column":27},"end":{"line":134,"column":29}}],"line":134}},"s":{"0":2,"1":2,"2":6,"3":6,"4":6},"f":{"0":6},"b":{"0":[6],"1":[6,2],"2":[6,6],"3":[6,3],"4":[6,3],"5":[6,6]},"inputSourceMap":null,"_coverageSchema":"1a1c01bbd47fc00a2c39e90264f33305004495a9","hash":"081a02c9aa79bf4d73eac93d703987e927506b6d"}
,"/home/user/Documents/dev/current/tsmis_v8/src/core/errors/types/AccessError.js": {"path":"/home/user/Documents/dev/current/tsmis_v8/src/core/errors/types/AccessError.js","statementMap":{"0":{"start":{"line":16,"column":4},"end":{"line":16,"column":55}},"1":{"start":{"line":17,"column":4},"end":{"line":17,"column":26}}},"fnMap":{"0":{"name":"(anonymous_0)","decl":{"start":{"line":15,"column":2},"end":{"line":15,"column":3}},"loc":{"start":{"line":15,"column":57},"end":{"line":18,"column":3}},"line":15}},"branchMap":{"0":{"loc":{"start":{"line":15,"column":29},"end":{"line":15,"column":41}},"type":"default-arg","locations":[{"start":{"line":15,"column":39},"end":{"line":15,"column":41}}],"line":15},"1":{"loc":{"start":{"line":15,"column":43},"end":{"line":15,"column":55}},"type":"default-arg","locations":[{"start":{"line":15,"column":53},"end":{"line":15,"column":55}}],"line":15}},"s":{"0":7,"1":7},"f":{"0":7},"b":{"0":[3],"1":[5]},"inputSourceMap":null,"_coverageSchema":"1a1c01bbd47fc00a2c39e90264f33305004495a9","hash":"dfe4ddce23f48c3d3bc884886882dd61c570a07b"}
,"/home/user/Documents/dev/current/tsmis_v8/src/core/errors/types/AuthError.js": {"path":"/home/user/Documents/dev/current/tsmis_v8/src/core/errors/types/AuthError.js","statementMap":{"0":{"start":{"line":16,"column":4},"end":{"line":16,"column":53}},"1":{"start":{"line":17,"column":4},"end":{"line":17,"column":26}}},"fnMap":{"0":{"name":"(anonymous_0)","decl":{"start":{"line":15,"column":2},"end":{"line":15,"column":3}},"loc":{"start":{"line":15,"column":57},"end":{"line":18,"column":3}},"line":15}},"branchMap":{"0":{"loc":{"start":{"line":15,"column":29},"end":{"line":15,"column":41}},"type":"default-arg","locations":[{"start":{"line":15,"column":39},"end":{"line":15,"column":41}}],"line":15},"1":{"loc":{"start":{"line":15,"column":43},"end":{"line":15,"column":55}},"type":"default-arg","locations":[{"start":{"line":15,"column":53},"end":{"line":15,"column":55}}],"line":15}},"s":{"0":7,"1":7},"f":{"0":7},"b":{"0":[4],"1":[5]},"inputSourceMap":null,"_coverageSchema":"1a1c01bbd47fc00a2c39e90264f33305004495a9","hash":"f8bea700c162ef3109afb2cd26e284aa439b036f"}
,"/home/user/Documents/dev/current/tsmis_v8/src/core/errors/types/ConfigError.js": {"path":"/home/user/Documents/dev/current/tsmis_v8/src/core/errors/types/ConfigError.js","statementMap":{"0":{"start":{"line":16,"column":4},"end":{"line":16,"column":55}},"1":{"start":{"line":17,"column":4},"end":{"line":17,"column":26}}},"fnMap":{"0":{"name":"(anonymous_0)","decl":{"start":{"line":15,"column":2},"end":{"line":15,"column":3}},"loc":{"start":{"line":15,"column":57},"end":{"line":18,"column":3}},"line":15}},"branchMap":{"0":{"loc":{"start":{"line":15,"column":29},"end":{"line":15,"column":41}},"type":"default-arg","locations":[{"start":{"line":15,"column":39},"end":{"line":15,"column":41}}],"line":15},"1":{"loc":{"start":{"line":15,"column":43},"end":{"line":15,"column":55}},"type":"default-arg","locations":[{"start":{"line":15,"column":53},"end":{"line":15,"column":55}}],"line":15}},"s":{"0":7,"1":7},"f":{"0":7},"b":{"0":[3],"1":[5]},"inputSourceMap":null,"_coverageSchema":"1a1c01bbd47fc00a2c39e90264f33305004495a9","hash":"132a05058ffaf125fc7bd0cd59234493e04c055b"}
,"/home/user/Documents/dev/current/tsmis_v8/src/core/errors/types/ModuleError.js": {"path":"/home/user/Documents/dev/current/tsmis_v8/src/core/errors/types/ModuleError.js","statementMap":{"0":{"start":{"line":16,"column":4},"end":{"line":16,"column":55}},"1":{"start":{"line":17,"column":4},"end":{"line":17,"column":26}}},"fnMap":{"0":{"name":"(anonymous_0)","decl":{"start":{"line":15,"column":2},"end":{"line":15,"column":3}},"loc":{"start":{"line":15,"column":57},"end":{"line":18,"column":3}},"line":15}},"branchMap":{"0":{"loc":{"start":{"line":15,"column":29},"end":{"line":15,"column":41}},"type":"default-arg","locations":[{"start":{"line":15,"column":39},"end":{"line":15,"column":41}}],"line":15},"1":{"loc":{"start":{"line":15,"column":43},"end":{"line":15,"column":55}},"type":"default-arg","locations":[{"start":{"line":15,"column":53},"end":{"line":15,"column":55}}],"line":15}},"s":{"0":7,"1":7},"f":{"0":7},"b":{"0":[3],"1":[5]},"inputSourceMap":null,"_coverageSchema":"1a1c01bbd47fc00a2c39e90264f33305004495a9","hash":"9910a6c76bc4d616d23bc23dff659962ebcea13d"}
,"/home/user/Documents/dev/current/tsmis_v8/src/core/errors/types/NetworkError.js": {"path":"/home/user/Documents/dev/current/tsmis_v8/src/core/errors/types/NetworkError.js","statementMap":{"0":{"start":{"line":16,"column":4},"end":{"line":16,"column":56}},"1":{"start":{"line":18,"column":4},"end":{"line":18,"column":48}}},"fnMap":{"0":{"name":"(anonymous_0)","decl":{"start":{"line":15,"column":2},"end":{"line":15,"column":3}},"loc":{"start":{"line":15,"column":57},"end":{"line":19,"column":3}},"line":15}},"branchMap":{"0":{"loc":{"start":{"line":15,"column":29},"end":{"line":15,"column":41}},"type":"default-arg","locations":[{"start":{"line":15,"column":39},"end":{"line":15,"column":41}}],"line":15},"1":{"loc":{"start":{"line":15,"column":43},"end":{"line":15,"column":55}},"type":"default-arg","locations":[{"start":{"line":15,"column":53},"end":{"line":15,"column":55}}],"line":15},"2":{"loc":{"start":{"line":18,"column":22},"end":{"line":18,"column":47}},"type":"binary-expr","locations":[{"start":{"line":18,"column":22},"end":{"line":18,"column":40}},{"start":{"line":18,"column":44},"end":{"line":18,"column":47}}],"line":18}},"s":{"0":9,"1":9},"f":{"0":9},"b":{"0":[5],"1":[7],"2":[9,7]},"inputSourceMap":null,"_coverageSchema":"1a1c01bbd47fc00a2c39e90264f33305004495a9","hash":"fd282fbdf0b4627fb8fd938778bf8fbe410c242f"}
,"/home/user/Documents/dev/current/tsmis_v8/src/core/errors/types/ServiceError.js": {"path":"/home/user/Documents/dev/current/tsmis_v8/src/core/errors/types/ServiceError.js","statementMap":{"0":{"start":{"line":16,"column":4},"end":{"line":16,"column":56}},"1":{"start":{"line":17,"column":4},"end":{"line":17,"column":26}}},"fnMap":{"0":{"name":"(anonymous_0)","decl":{"start":{"line":15,"column":2},"end":{"line":15,"column":3}},"loc":{"start":{"line":15,"column":57},"end":{"line":18,"column":3}},"line":15}},"branchMap":{"0":{"loc":{"start":{"line":15,"column":29},"end":{"line":15,"column":41}},"type":"default-arg","locations":[{"start":{"line":15,"column":39},"end":{"line":15,"column":41}}],"line":15},"1":{"loc":{"start":{"line":15,"column":43},"end":{"line":15,"column":55}},"type":"default-arg","locations":[{"start":{"line":15,"column":53},"end":{"line":15,"column":55}}],"line":15}},"s":{"0":9,"1":9},"f":{"0":9},"b":{"0":[3],"1":[5]},"inputSourceMap":null,"_coverageSchema":"1a1c01bbd47fc00a2c39e90264f33305004495a9","hash":"60b901f8ddd9bd410331da47eb3fc11414707615"}
,"/home/user/Documents/dev/current/tsmis_v8/src/core/errors/types/ValidationError.js": {"path":"/home/user/Documents/dev/current/tsmis_v8/src/core/errors/types/ValidationError.js","statementMap":{"0":{"start":{"line":16,"column":4},"end":{"line":16,"column":59}},"1":{"start":{"line":17,"column":4},"end":{"line":17,"column":26}},"2":{"start":{"line":18,"column":4},"end":{"line":18,"column":124}},"3":{"start":{"line":25,"column":17},"end":{"line":25,"column":31}},"4":{"start":{"line":26,"column":4},"end":{"line":26,"column":50}},"5":{"start":{"line":27,"column":4},"end":{"line":27,"column":16}},"6":{"start":{"line":35,"column":18},"end":{"line":35,"column":38}},"7":{"start":{"line":36,"column":4},"end":{"line":36,"column":95}},"8":{"start":{"line":37,"column":4},"end":{"line":37,"column":17}}},"fnMap":{"0":{"name":"(anonymous_0)","decl":{"start":{"line":15,"column":2},"end":{"line":15,"column":3}},"loc":{"start":{"line":15,"column":57},"end":{"line":19,"column":3}},"line":15},"1":{"name":"(anonymous_1)","decl":{"start":{"line":24,"column":2},"end":{"line":24,"column":3}},"loc":{"start":{"line":24,"column":11},"end":{"line":28,"column":3}},"line":24},"2":{"name":"(anonymous_2)","decl":{"start":{"line":34,"column":2},"end":{"line":34,"column":3}},"loc":{"start":{"line":34,"column":24},"end":{"line":38,"column":3}},"line":34}},"branchMap":{"0":{"loc":{"start":{"line":15,"column":29},"end":{"line":15,"column":41}},"type":"default-arg","locations":[{"start":{"line":15,"column":39},"end":{"line":15,"column":41}}],"line":15},"1":{"loc":{"start":{"line":15,"column":43},"end":{"line":15,"column":55}},"type":"default-arg","locations":[{"start":{"line":15,"column":53},"end":{"line":15,"column":55}}],"line":15},"2":{"loc":{"start":{"line":18,"column":52},"end":{"line":18,"column":123}},"type":"cond-expr","locations":[{"start":{"line":18,"column":94},"end":{"line":18,"column":118}},{"start":{"line":18,"column":121},"end":{"line":18,"column":123}}],"line":18},"3":{"loc":{"start":{"line":36,"column":29},"end":{"line":36,"column":94}},"type":"cond-expr","locations":[{"start":{"line":36,"column":68},"end":{"line":36,"column":89}},{"start":{"line":36,"column":92},"end":{"line":36,"column":94}}],"line":36}},"s":{"0":34,"1":34,"2":34,"3":4,"4":4,"5":4,"6":3,"7":3,"8":3},"f":{"0":34,"1":4,"2":3},"b":{"0":[4],"1":[29],"2":[9,25],"3":[2,1]},"inputSourceMap":null,"_coverageSchema":"1a1c01bbd47fc00a2c39e90264f33305004495a9","hash":"a1dc99ee2f7fbf259cd7bb4e7e7550c671599798"}
,"/home/user/Documents/dev/current/tsmis_v8/src/core/errors/types/index.js": {"path":"/home/user/Documents/dev/current/tsmis_v8/src/core/errors/types/index.js","statementMap":{"0":{"start":{"line":23,"column":19},"end":{"line":31,"column":1}}},"fnMap":{},"branchMap":{},"s":{"0":4},"f":{},"b":{},"inputSourceMap":null,"_coverageSchema":"1a1c01bbd47fc00a2c39e90264f33305004495a9","hash":"d989f326474fde40e26661e41368e9ac2581eb42"}
}
