TN:
SF:src/core/errors/Error.js
FN:13,(anonymous_0)
FN:50,(anonymous_1)
FN:51,(anonymous_2)
FN:76,(anonymous_3)
FN:94,(anonymous_4)
FN:99,(anonymous_5)
FN:100,(anonymous_6)
FN:108,(anonymous_7)
FN:116,(anonymous_8)
FN:126,(anonymous_9)
FN:160,(anonymous_10)
FNF:11
FNH:11
FNDA:131,(anonymous_0)
FNDA:131,(anonymous_1)
FNDA:27,(anonymous_2)
FNDA:131,(anonymous_3)
FNDA:4,(anonymous_4)
FNDA:49,(anonymous_5)
FNDA:49,(anonymous_6)
FNDA:133,(anonymous_7)
FNDA:78,(anonymous_8)
FNDA:40,(anonymous_9)
FNDA:6,(anonymous_10)
DA:14,131
DA:17,131
DA:18,131
DA:19,131
DA:20,131
DA:30,131
DA:33,131
DA:36,131
DA:37,130
DA:41,131
DA:42,3
DA:51,131
DA:53,27
DA:54,4
DA:56,27
DA:59,131
DA:60,27
DA:61,104
DA:62,18
DA:63,18
DA:64,3
DA:66,18
DA:67,86
DA:68,2
DA:77,131
DA:79,131
DA:80,129
DA:83,2
DA:95,4
DA:97,3
DA:99,49
DA:100,49
DA:109,133
DA:117,78
DA:118,77
DA:120,1
DA:127,40
DA:136,40
DA:137,38
DA:141,40
DA:142,33
DA:148,33
DA:149,29
DA:153,40
DA:161,6
DA:163,6
DA:164,2
DA:165,1
DA:167,1
DA:174,6
LF:50
LH:50
BRDA:13,0,0,16
BRDA:13,1,0,19
BRDA:36,2,0,130
BRDA:36,2,1,1
BRDA:41,3,0,3
BRDA:41,3,1,128
BRDA:53,4,0,4
BRDA:53,4,1,23
BRDA:53,5,0,27
BRDA:53,5,1,24
BRDA:59,6,0,27
BRDA:59,6,1,104
BRDA:61,7,0,18
BRDA:61,7,1,86
BRDA:61,8,0,104
BRDA:61,8,1,20
BRDA:62,9,0,18
BRDA:62,9,1,6
BRDA:63,10,0,3
BRDA:63,10,1,15
BRDA:63,11,0,18
BRDA:63,11,1,4
BRDA:63,11,2,4
BRDA:67,12,0,2
BRDA:67,12,1,84
BRDA:95,13,0,1
BRDA:95,13,1,3
BRDA:117,14,0,77
BRDA:117,14,1,1
BRDA:117,15,0,78
BRDA:117,15,1,77
BRDA:118,16,0,77
BRDA:118,16,1,72
BRDA:120,17,0,1
BRDA:120,17,1,1
BRDA:136,18,0,38
BRDA:136,18,1,2
BRDA:136,19,0,40
BRDA:136,19,1,39
BRDA:141,20,0,33
BRDA:141,20,1,7
BRDA:144,21,0,33
BRDA:144,21,1,2
BRDA:148,22,0,29
BRDA:148,22,1,4
BRDA:148,23,0,33
BRDA:148,23,1,33
BRDA:163,24,0,2
BRDA:163,24,1,4
BRDA:164,25,0,1
BRDA:164,25,1,1
BRDA:177,26,0,6
BRDA:177,26,1,3
BRF:53
BRH:53
end_of_record
TN:
SF:src/core/errors/index.js
FN:125,createErrorFromResponse
FNF:1
FNH:1
FNDA:6,createErrorFromResponse
DA:13,2
DA:34,2
DA:126,6
DA:129,6
DA:131,6
LF:5
LH:5
BRDA:125,0,0,6
BRDA:126,1,0,6
BRDA:126,1,1,2
BRDA:129,2,0,6
BRDA:129,2,1,6
BRDA:132,3,0,6
BRDA:132,3,1,3
BRDA:133,4,0,6
BRDA:133,4,1,3
BRDA:134,5,0,6
BRDA:134,5,1,6
BRF:11
BRH:11
end_of_record
TN:
SF:src/core/errors/types/AccessError.js
FN:15,(anonymous_0)
FNF:1
FNH:1
FNDA:7,(anonymous_0)
DA:16,7
DA:17,7
LF:2
LH:2
BRDA:15,0,0,3
BRDA:15,1,0,5
BRF:2
BRH:2
end_of_record
TN:
SF:src/core/errors/types/AuthError.js
FN:15,(anonymous_0)
FNF:1
FNH:1
FNDA:7,(anonymous_0)
DA:16,7
DA:17,7
LF:2
LH:2
BRDA:15,0,0,4
BRDA:15,1,0,5
BRF:2
BRH:2
end_of_record
TN:
SF:src/core/errors/types/ConfigError.js
FN:15,(anonymous_0)
FNF:1
FNH:1
FNDA:7,(anonymous_0)
DA:16,7
DA:17,7
LF:2
LH:2
BRDA:15,0,0,3
BRDA:15,1,0,5
BRF:2
BRH:2
end_of_record
TN:
SF:src/core/errors/types/ModuleError.js
FN:15,(anonymous_0)
FNF:1
FNH:1
FNDA:7,(anonymous_0)
DA:16,7
DA:17,7
LF:2
LH:2
BRDA:15,0,0,3
BRDA:15,1,0,5
BRF:2
BRH:2
end_of_record
TN:
SF:src/core/errors/types/NetworkError.js
FN:15,(anonymous_0)
FNF:1
FNH:1
FNDA:9,(anonymous_0)
DA:16,9
DA:18,9
LF:2
LH:2
BRDA:15,0,0,5
BRDA:15,1,0,7
BRDA:18,2,0,9
BRDA:18,2,1,7
BRF:4
BRH:4
end_of_record
TN:
SF:src/core/errors/types/ServiceError.js
FN:15,(anonymous_0)
FNF:1
FNH:1
FNDA:9,(anonymous_0)
DA:16,9
DA:17,9
LF:2
LH:2
BRDA:15,0,0,3
BRDA:15,1,0,5
BRF:2
BRH:2
end_of_record
TN:
SF:src/core/errors/types/ValidationError.js
FN:15,(anonymous_0)
FN:24,(anonymous_1)
FN:34,(anonymous_2)
FNF:3
FNH:3
FNDA:34,(anonymous_0)
FNDA:4,(anonymous_1)
FNDA:3,(anonymous_2)
DA:16,34
DA:17,34
DA:18,34
DA:25,4
DA:26,4
DA:27,4
DA:35,3
DA:36,3
DA:37,3
LF:9
LH:9
BRDA:15,0,0,4
BRDA:15,1,0,29
BRDA:18,2,0,9
BRDA:18,2,1,25
BRDA:36,3,0,2
BRDA:36,3,1,1
BRF:6
BRH:6
end_of_record
TN:
SF:src/core/errors/types/index.js
FNF:0
FNH:0
DA:23,4
LF:1
LH:1
BRF:0
BRH:0
end_of_record
